<?xml version="1.0" encoding="utf-8"?><testsuites name="pytest tests"><testsuite name="pytest" errors="0" failures="0" skipped="0" tests="6" time="1.513" timestamp="2026-06-21T12:28:14.877805+00:00" hostname="agent-env-9dc77cad-1a1e-4b5a-92de-0221787adf2e"><testcase classname="backend.tests.test_sphr_api.TestManagers" name="test_get_managers_seeded" time="0.187" /><testcase classname="backend.tests.test_sphr_api.TestManagers" name="test_create_and_delete_manager" time="0.181" /><testcase classname="backend.tests.test_sphr_api.TestManagers" name="test_delete_unknown_manager_404" time="0.043" /><testcase classname="backend.tests.test_sphr_api.TestReports" name="test_upsert_report_create_then_update" time="0.895" /><testcase classname="backend.tests.test_sphr_api.TestReports" name="test_get_report_unknown_404" time="0.047" /><testcase classname="backend.tests.test_sphr_api.TestReports" name="test_report_with_base64_photo_persists" time="0.093" /></testsuite></testsuites>