<?xml version="1.0" encoding="utf-8"?><testsuites name="pytest tests"><testsuite name="pytest" errors="0" failures="0" skipped="0" tests="8" time="2.362" timestamp="2026-06-23T12:51:44.614938+00:00" hostname="agent-env-9dc77cad-1a1e-4b5a-92de-0221787adf2e"><testcase classname="backend.tests.test_sphr_api.TestManagers" name="test_get_managers_seeded" time="0.317" /><testcase classname="backend.tests.test_sphr_api.TestManagers" name="test_create_and_delete_manager" time="0.195" /><testcase classname="backend.tests.test_sphr_api.TestManagers" name="test_delete_unknown_manager_404" time="0.045" /><testcase classname="backend.tests.test_sphr_api.TestReports" name="test_upsert_report_create_then_update" time="0.792" /><testcase classname="backend.tests.test_sphr_api.TestReports" name="test_get_report_unknown_404" time="0.046" /><testcase classname="backend.tests.test_sphr_api.TestReports" name="test_send_report_brevo_email" time="0.703" /><testcase classname="backend.tests.test_sphr_api.TestReports" name="test_report_with_door_checks_persists" time="0.089" /><testcase classname="backend.tests.test_sphr_api.TestReports" name="test_report_with_base64_photo_persists" time="0.090" /></testsuite></testsuites>